@!@!@STARTMSG 2262:0 @!@!@
TLC2 Version 2.10 of 28 September 2017
@!@!@ENDMSG 2262 @!@!@
@!@!@STARTMSG 2187:0 @!@!@
Running breadth-first search Model-Checking with 4 workers on 8 cores with 2366MB heap and 5320MB offheap memory (Linux 3.10.0-514.26.2.el7.x86_64 amd64, Oracle Corporation 1.8.0_144 x86_64).
@!@!@ENDMSG 2187 @!@!@
@!@!@STARTMSG 2220:0 @!@!@
Starting SANY...
@!@!@ENDMSG 2220 @!@!@
Parsing file MC.tla
Parsing file nuclear_waste_tracker.tla
Parsing file /eecs/local/pkg/tlatoolbox-1.5.4/plugins/org.lamport.tlatools_1.0.0.201710061831/tla2sany/StandardModules/TLC.tla
Parsing file /eecs/local/pkg/tlatoolbox-1.5.4/plugins/org.lamport.tlatools_1.0.0.201710061831/tla2sany/StandardModules/Integers.tla
Parsing file /eecs/local/pkg/tlatoolbox-1.5.4/plugins/org.lamport.tlatools_1.0.0.201710061831/tla2sany/StandardModules/Sequences.tla
Parsing file /eecs/local/pkg/tlatoolbox-1.5.4/plugins/org.lamport.tlatools_1.0.0.201710061831/tla2sany/StandardModules/FiniteSets.tla
Parsing file /eecs/local/pkg/tlatoolbox-1.5.4/plugins/org.lamport.tlatools_1.0.0.201710061831/tla2sany/StandardModules/Naturals.tla
Semantic processing of module Naturals
Semantic processing of module Integers
Semantic processing of module Sequences
Semantic processing of module FiniteSets
Semantic processing of module TLC
Semantic processing of module nuclear_waste_tracker
Semantic processing of module MC
@!@!@STARTMSG 2219:0 @!@!@
SANY finished.
@!@!@ENDMSG 2219 @!@!@
@!@!@STARTMSG 2185:0 @!@!@
Starting... (2017-12-06 17:35:50)
@!@!@ENDMSG 2185 @!@!@
@!@!@STARTMSG 2189:0 @!@!@
Computing initial states...
@!@!@ENDMSG 2189 @!@!@
@!@!@STARTMSG 2190:0 @!@!@
Finished computing initial states: 1 distinct state generated.
@!@!@ENDMSG 2190 @!@!@
@!@!@STARTMSG 1000:1 @!@!@
TLC threw an unexpected exception.
This was probably caused by an error in the spec or model.
See the User Output or TLC Console for clues to what happened.
The exception was a java.lang.RuntimeException
: Attempted to enumerate a set of the form [l1 : v1, ..., ln : vn],
but can't enumerate the value of the `radioactivity' field:
Int
@!@!@ENDMSG 1000 @!@!@
@!@!@STARTMSG 2121:1 @!@!@
The behavior up to this point is:
@!@!@ENDMSG 2121 @!@!@
@!@!@STARTMSG 2217:4 @!@!@
1: <Initial predicate>
/\ CID = {}
/\ containers = <<>>
/\ container_phase = <<>>
/\ maximum_phase_radiation = 0
/\ phases = <<>>
/\ PID = {}
/\ maximum_container_radiation = 0

@!@!@ENDMSG 2217 @!@!@
@!@!@STARTMSG 2103:1 @!@!@
The error occurred when TLC was evaluating the nested
expressions at the following positions:
0. Line 104, column 9 to line 107, column 44 in nuclear_waste_tracker


@!@!@ENDMSG 2103 @!@!@
@!@!@STARTMSG 2201:0 @!@!@
The coverage statistics at 2017-12-06 17:35:51
@!@!@ENDMSG 2201 @!@!@
@!@!@STARTMSG 2221:0 @!@!@
  line 55, col 8 to line 55, col 59 of module nuclear_waste_tracker: 40
@!@!@ENDMSG 2221 @!@!@
@!@!@STARTMSG 2221:0 @!@!@
  line 56, col 8 to line 56, col 67 of module nuclear_waste_tracker: 40
@!@!@ENDMSG 2221 @!@!@
@!@!@STARTMSG 2221:0 @!@!@
  line 57, col 20 to line 57, col 22 of module nuclear_waste_tracker: 40
@!@!@ENDMSG 2221 @!@!@
@!@!@STARTMSG 2221:0 @!@!@
  line 57, col 25 to line 57, col 27 of module nuclear_waste_tracker: 40
@!@!@ENDMSG 2221 @!@!@
@!@!@STARTMSG 2221:0 @!@!@
  line 57, col 30 to line 57, col 39 of module nuclear_waste_tracker: 40
@!@!@ENDMSG 2221 @!@!@
@!@!@STARTMSG 2221:0 @!@!@
  line 57, col 42 to line 57, col 47 of module nuclear_waste_tracker: 40
@!@!@ENDMSG 2221 @!@!@
@!@!@STARTMSG 2221:0 @!@!@
  line 57, col 50 to line 57, col 64 of module nuclear_waste_tracker: 40
@!@!@ENDMSG 2221 @!@!@
@!@!@STARTMSG 2221:0 @!@!@
  line 67, col 8 to line 67, col 30 of module nuclear_waste_tracker: 108
@!@!@ENDMSG 2221 @!@!@
@!@!@STARTMSG 2221:0 @!@!@
  line 68, col 8 to line 73, col 26 of module nuclear_waste_tracker: 108
@!@!@ENDMSG 2221 @!@!@
@!@!@STARTMSG 2221:0 @!@!@
  line 74, col 20 to line 74, col 22 of module nuclear_waste_tracker: 108
@!@!@ENDMSG 2221 @!@!@
@!@!@STARTMSG 2221:0 @!@!@
  line 74, col 25 to line 74, col 34 of module nuclear_waste_tracker: 108
@!@!@ENDMSG 2221 @!@!@
@!@!@STARTMSG 2221:0 @!@!@
  line 74, col 37 to line 74, col 51 of module nuclear_waste_tracker: 108
@!@!@ENDMSG 2221 @!@!@
@!@!@STARTMSG 2221:0 @!@!@
  line 74, col 54 to line 74, col 76 of module nuclear_waste_tracker: 108
@!@!@ENDMSG 2221 @!@!@
@!@!@STARTMSG 2221:0 @!@!@
  line 74, col 79 to line 74, col 105 of module nuclear_waste_tracker: 108
@!@!@ENDMSG 2221 @!@!@
@!@!@STARTMSG 2221:0 @!@!@
  line 85, col 8 to line 85, col 73 of module nuclear_waste_tracker: 0
@!@!@ENDMSG 2221 @!@!@
@!@!@STARTMSG 2202:0 @!@!@
End of statistics.
@!@!@ENDMSG 2202 @!@!@
@!@!@STARTMSG 2200:0 @!@!@
Progress(3) at 2017-12-06 17:35:51: 149 states generated (23,403 s/min), 22 distinct states found (3,455 ds/min), 18 states left on queue.
@!@!@ENDMSG 2200 @!@!@
@!@!@STARTMSG 2199:0 @!@!@
149 states generated, 22 distinct states found, 18 states left on queue.
@!@!@ENDMSG 2199 @!@!@
@!@!@STARTMSG 2194:0 @!@!@
The depth of the complete state graph search is 3.
@!@!@ENDMSG 2194 @!@!@
@!@!@STARTMSG 2186:0 @!@!@
Finished in 669ms at (2017-12-06 17:35:51)
@!@!@ENDMSG 2186 @!@!@
